<?xml version="1.0" encoding="UTF-8"?>
<testsuite xmlns:xsi="http://www.w3.org/2001/XMLSchema-instance" xsi:noNamespaceSchemaLocation="https://maven.apache.org/surefire/maven-surefire-plugin/xsd/surefire-test-report.xsd" name="com.fredsonchaves07.CategoryGrpcApplicationTests" time="3.531" tests="1" errors="0" skipped="0" failures="0">
  <properties>
    <property name="java.specification.version" value="17"/>
    <property name="sun.jnu.encoding" value="UTF-8"/>
    <property name="java.class.path" value="/home/fredson.ribeiro/Projetos Pessoais/study-fullcycle/2 - gRPC/java/category-grpc/target/test-classes:/home/fredson.ribeiro/Projetos Pessoais/study-fullcycle/2 - gRPC/java/category-grpc/target/classes:/home/fredson.ribeiro/.m2/repository/org/springframework/boot/spring-boot-starter/3.1.0-SNAPSHOT/spring-boot-starter-3.1.0-SNAPSHOT.jar:/home/fredson.ribeiro/.m2/repository/org/springframework/boot/spring-boot/3.1.0-SNAPSHOT/spring-boot-3.1.0-SNAPSHOT.jar:/home/fredson.ribeiro/.m2/repository/org/springframework/spring-context/6.0.8/spring-context-6.0.8.jar:/home/fredson.ribeiro/.m2/repository/org/springframework/spring-expression/6.0.8/spring-expression-6.0.8.jar:/home/fredson.ribeiro/.m2/repository/org/springframework/boot/spring-boot-autoconfigure/3.1.0-SNAPSHOT/spring-boot-autoconfigure-3.1.0-SNAPSHOT.jar:/home/fredson.ribeiro/.m2/repository/org/springframework/boot/spring-boot-starter-logging/3.1.0-SNAPSHOT/spring-boot-starter-logging-3.1.0-SNAPSHOT.jar:/home/fredson.ribeiro/.m2/repository/ch/qos/logback/logback-classic/1.4.6/logback-classic-1.4.6.jar:/home/fredson.ribeiro/.m2/repository/ch/qos/logback/logback-core/1.4.6/logback-core-1.4.6.jar:/home/fredson.ribeiro/.m2/repository/org/apache/logging/log4j/log4j-to-slf4j/2.20.0/log4j-to-slf4j-2.20.0.jar:/home/fredson.ribeiro/.m2/repository/org/apache/logging/log4j/log4j-api/2.20.0/log4j-api-2.20.0.jar:/home/fredson.ribeiro/.m2/repository/org/slf4j/jul-to-slf4j/2.0.7/jul-to-slf4j-2.0.7.jar:/home/fredson.ribeiro/.m2/repository/org/springframework/spring-core/6.0.8/spring-core-6.0.8.jar:/home/fredson.ribeiro/.m2/repository/org/springframework/spring-jcl/6.0.8/spring-jcl-6.0.8.jar:/home/fredson.ribeiro/.m2/repository/org/yaml/snakeyaml/1.33/snakeyaml-1.33.jar:/home/fredson.ribeiro/.m2/repository/org/springframework/boot/spring-boot-starter-test/3.1.0-SNAPSHOT/spring-boot-starter-test-3.1.0-SNAPSHOT.jar:/home/fredson.ribeiro/.m2/repository/org/springframework/boot/spring-boot-test/3.1.0-SNAPSHOT/spring-boot-test-3.1.0-SNAPSHOT.jar:/home/fredson.ribeiro/.m2/repository/org/springframework/boot/spring-boot-test-autoconfigure/3.1.0-SNAPSHOT/spring-boot-test-autoconfigure-3.1.0-SNAPSHOT.jar:/home/fredson.ribeiro/.m2/repository/com/jayway/jsonpath/json-path/2.8.0/json-path-2.8.0.jar:/home/fredson.ribeiro/.m2/repository/org/slf4j/slf4j-api/2.0.7/slf4j-api-2.0.7.jar:/home/fredson.ribeiro/.m2/repository/jakarta/xml/bind/jakarta.xml.bind-api/4.0.0/jakarta.xml.bind-api-4.0.0.jar:/home/fredson.ribeiro/.m2/repository/jakarta/activation/jakarta.activation-api/2.1.1/jakarta.activation-api-2.1.1.jar:/home/fredson.ribeiro/.m2/repository/net/minidev/json-smart/2.4.10/json-smart-2.4.10.jar:/home/fredson.ribeiro/.m2/repository/net/minidev/accessors-smart/2.4.9/accessors-smart-2.4.9.jar:/home/fredson.ribeiro/.m2/repository/org/ow2/asm/asm/9.3/asm-9.3.jar:/home/fredson.ribeiro/.m2/repository/org/assertj/assertj-core/3.24.2/assertj-core-3.24.2.jar:/home/fredson.ribeiro/.m2/repository/net/bytebuddy/byte-buddy/1.14.4/byte-buddy-1.14.4.jar:/home/fredson.ribeiro/.m2/repository/org/hamcrest/hamcrest/2.2/hamcrest-2.2.jar:/home/fredson.ribeiro/.m2/repository/org/junit/jupiter/junit-jupiter/5.9.2/junit-jupiter-5.9.2.jar:/home/fredson.ribeiro/.m2/repository/org/junit/jupiter/junit-jupiter-api/5.9.2/junit-jupiter-api-5.9.2.jar:/home/fredson.ribeiro/.m2/repository/org/opentest4j/opentest4j/1.2.0/opentest4j-1.2.0.jar:/home/fredson.ribeiro/.m2/repository/org/junit/platform/junit-platform-commons/1.9.2/junit-platform-commons-1.9.2.jar:/home/fredson.ribeiro/.m2/repository/org/apiguardian/apiguardian-api/1.1.2/apiguardian-api-1.1.2.jar:/home/fredson.ribeiro/.m2/repository/org/junit/jupiter/junit-jupiter-params/5.9.2/junit-jupiter-params-5.9.2.jar:/home/fredson.ribeiro/.m2/repository/org/junit/jupiter/junit-jupiter-engine/5.9.2/junit-jupiter-engine-5.9.2.jar:/home/fredson.ribeiro/.m2/repository/org/junit/platform/junit-platform-engine/1.9.2/junit-platform-engine-1.9.2.jar:/home/fredson.ribeiro/.m2/repository/org/mockito/mockito-core/4.11.0/mockito-core-4.11.0.jar:/home/fredson.ribeiro/.m2/repository/net/bytebuddy/byte-buddy-agent/1.14.4/byte-buddy-agent-1.14.4.jar:/home/fredson.ribeiro/.m2/repository/org/objenesis/objenesis/3.3/objenesis-3.3.jar:/home/fredson.ribeiro/.m2/repository/org/mockito/mockito-junit-jupiter/4.11.0/mockito-junit-jupiter-4.11.0.jar:/home/fredson.ribeiro/.m2/repository/org/skyscreamer/jsonassert/1.5.1/jsonassert-1.5.1.jar:/home/fredson.ribeiro/.m2/repository/com/vaadin/external/google/android-json/0.0.20131108.vaadin1/android-json-0.0.20131108.vaadin1.jar:/home/fredson.ribeiro/.m2/repository/org/springframework/spring-test/6.0.8/spring-test-6.0.8.jar:/home/fredson.ribeiro/.m2/repository/org/xmlunit/xmlunit-core/2.9.1/xmlunit-core-2.9.1.jar:/home/fredson.ribeiro/.m2/repository/org/springframework/boot/spring-boot-starter-data-jpa/3.1.0-SNAPSHOT/spring-boot-starter-data-jpa-3.1.0-SNAPSHOT.jar:/home/fredson.ribeiro/.m2/repository/org/springframework/boot/spring-boot-starter-aop/3.1.0-SNAPSHOT/spring-boot-starter-aop-3.1.0-SNAPSHOT.jar:/home/fredson.ribeiro/.m2/repository/org/springframework/spring-aop/6.0.8/spring-aop-6.0.8.jar:/home/fredson.ribeiro/.m2/repository/org/aspectj/aspectjweaver/1.9.19/aspectjweaver-1.9.19.jar:/home/fredson.ribeiro/.m2/repository/org/springframework/boot/spring-boot-starter-jdbc/3.1.0-SNAPSHOT/spring-boot-starter-jdbc-3.1.0-SNAPSHOT.jar:/home/fredson.ribeiro/.m2/repository/com/zaxxer/HikariCP/5.0.1/HikariCP-5.0.1.jar:/home/fredson.ribeiro/.m2/repository/org/springframework/spring-jdbc/6.0.8/spring-jdbc-6.0.8.jar:/home/fredson.ribeiro/.m2/repository/org/hibernate/orm/hibernate-core/6.2.0.Final/hibernate-core-6.2.0.Final.jar:/home/fredson.ribeiro/.m2/repository/jakarta/persistence/jakarta.persistence-api/3.1.0/jakarta.persistence-api-3.1.0.jar:/home/fredson.ribeiro/.m2/repository/jakarta/transaction/jakarta.transaction-api/2.0.1/jakarta.transaction-api-2.0.1.jar:/home/fredson.ribeiro/.m2/repository/org/jboss/logging/jboss-logging/3.5.0.Final/jboss-logging-3.5.0.Final.jar:/home/fredson.ribeiro/.m2/repository/org/hibernate/common/hibernate-commons-annotations/6.0.6.Final/hibernate-commons-annotations-6.0.6.Final.jar:/home/fredson.ribeiro/.m2/repository/io/smallrye/jandex/3.0.5/jandex-3.0.5.jar:/home/fredson.ribeiro/.m2/repository/com/fasterxml/classmate/1.5.1/classmate-1.5.1.jar:/home/fredson.ribeiro/.m2/repository/org/glassfish/jaxb/jaxb-runtime/4.0.2/jaxb-runtime-4.0.2.jar:/home/fredson.ribeiro/.m2/repository/org/glassfish/jaxb/jaxb-core/4.0.2/jaxb-core-4.0.2.jar:/home/fredson.ribeiro/.m2/repository/org/eclipse/angus/angus-activation/2.0.0/angus-activation-2.0.0.jar:/home/fredson.ribeiro/.m2/repository/org/glassfish/jaxb/txw2/4.0.2/txw2-4.0.2.jar:/home/fredson.ribeiro/.m2/repository/com/sun/istack/istack-commons-runtime/4.1.1/istack-commons-runtime-4.1.1.jar:/home/fredson.ribeiro/.m2/repository/jakarta/inject/jakarta.inject-api/2.0.1/jakarta.inject-api-2.0.1.jar:/home/fredson.ribeiro/.m2/repository/org/antlr/antlr4-runtime/4.10.1/antlr4-runtime-4.10.1.jar:/home/fredson.ribeiro/.m2/repository/org/springframework/data/spring-data-jpa/3.1.0-M3/spring-data-jpa-3.1.0-M3.jar:/home/fredson.ribeiro/.m2/repository/org/springframework/data/spring-data-commons/3.1.0-M3/spring-data-commons-3.1.0-M3.jar:/home/fredson.ribeiro/.m2/repository/org/springframework/spring-orm/6.0.8/spring-orm-6.0.8.jar:/home/fredson.ribeiro/.m2/repository/org/springframework/spring-tx/6.0.8/spring-tx-6.0.8.jar:/home/fredson.ribeiro/.m2/repository/org/springframework/spring-beans/6.0.8/spring-beans-6.0.8.jar:/home/fredson.ribeiro/.m2/repository/org/springframework/spring-aspects/6.0.8/spring-aspects-6.0.8.jar:/home/fredson.ribeiro/.m2/repository/com/h2database/h2/2.1.210/h2-2.1.210.jar:/home/fredson.ribeiro/.m2/repository/net/devh/grpc-server-spring-boot-starter/2.14.0.RELEASE/grpc-server-spring-boot-starter-2.14.0.RELEASE.jar:/home/fredson.ribeiro/.m2/repository/net/devh/grpc-server-spring-boot-autoconfigure/2.14.0.RELEASE/grpc-server-spring-boot-autoconfigure-2.14.0.RELEASE.jar:/home/fredson.ribeiro/.m2/repository/net/devh/grpc-common-spring-boot/2.14.0.RELEASE/grpc-common-spring-boot-2.14.0.RELEASE.jar:/home/fredson.ribeiro/.m2/repository/io/grpc/grpc-core/1.51.0/grpc-core-1.51.0.jar:/home/fredson.ribeiro/.m2/repository/com/google/code/gson/gson/2.10.1/gson-2.10.1.jar:/home/fredson.ribeiro/.m2/repository/com/google/android/annotations/4.1.1.4/annotations-4.1.1.4.jar:/home/fredson.ribeiro/.m2/repository/io/grpc/grpc-netty-shaded/1.51.0/grpc-netty-shaded-1.51.0.jar:/home/fredson.ribeiro/.m2/repository/io/perfmark/perfmark-api/0.25.0/perfmark-api-0.25.0.jar:/home/fredson.ribeiro/.m2/repository/io/grpc/grpc-services/1.51.0/grpc-services-1.51.0.jar:/home/fredson.ribeiro/.m2/repository/com/google/protobuf/protobuf-java-util/3.21.7/protobuf-java-util-3.21.7.jar:/home/fredson.ribeiro/.m2/repository/io/grpc/grpc-api/1.51.0/grpc-api-1.51.0.jar:/home/fredson.ribeiro/.m2/repository/io/grpc/grpc-context/1.51.0/grpc-context-1.51.0.jar:/home/fredson.ribeiro/.m2/repository/io/grpc/grpc-stub/1.35.0/grpc-stub-1.35.0.jar:/home/fredson.ribeiro/.m2/repository/com/google/guava/guava/30.0-android/guava-30.0-android.jar:/home/fredson.ribeiro/.m2/repository/com/google/guava/failureaccess/1.0.1/failureaccess-1.0.1.jar:/home/fredson.ribeiro/.m2/repository/com/google/guava/listenablefuture/9999.0-empty-to-avoid-conflict-with-guava/listenablefuture-9999.0-empty-to-avoid-conflict-with-guava.jar:/home/fredson.ribeiro/.m2/repository/org/checkerframework/checker-compat-qual/2.5.5/checker-compat-qual-2.5.5.jar:/home/fredson.ribeiro/.m2/repository/com/google/j2objc/j2objc-annotations/1.3/j2objc-annotations-1.3.jar:/home/fredson.ribeiro/.m2/repository/com/google/errorprone/error_prone_annotations/2.4.0/error_prone_annotations-2.4.0.jar:/home/fredson.ribeiro/.m2/repository/org/codehaus/mojo/animal-sniffer-annotations/1.19/animal-sniffer-annotations-1.19.jar:/home/fredson.ribeiro/.m2/repository/com/google/code/findbugs/jsr305/3.0.2/jsr305-3.0.2.jar:/home/fredson.ribeiro/.m2/repository/io/grpc/grpc-protobuf/1.35.0/grpc-protobuf-1.35.0.jar:/home/fredson.ribeiro/.m2/repository/com/google/protobuf/protobuf-java/3.12.0/protobuf-java-3.12.0.jar:/home/fredson.ribeiro/.m2/repository/com/google/api/grpc/proto-google-common-protos/2.0.1/proto-google-common-protos-2.0.1.jar:/home/fredson.ribeiro/.m2/repository/io/grpc/grpc-protobuf-lite/1.35.0/grpc-protobuf-lite-1.35.0.jar:/home/fredson.ribeiro/.m2/repository/jakarta/annotation/jakarta.annotation-api/1.3.5/jakarta.annotation-api-1.3.5.jar:"/>
    <property name="java.vm.vendor" value="Eclipse Adoptium"/>
    <property name="sun.arch.data.model" value="64"/>
    <property name="java.vendor.url" value="https://adoptium.net/"/>
    <property name="os.name" value="Linux"/>
    <property name="java.vm.specification.version" value="17"/>
    <property name="sun.java.launcher" value="SUN_STANDARD"/>
    <property name="user.country" value="BR"/>
    <property name="sun.boot.library.path" value="/home/fredson.ribeiro/.sdkman/candidates/java/17.0.6-tem/lib"/>
    <property name="sun.java.command" value="/home/fredson.ribeiro/Projetos Pessoais/study-fullcycle/2 - gRPC/java/category-grpc/target/surefire/surefirebooter15486751445856167055.jar /home/fredson.ribeiro/Projetos Pessoais/study-fullcycle/2 - gRPC/java/category-grpc/target/surefire 2023-04-13T16-38-55_269-jvmRun1 surefire6283258755747593512tmp surefire_011282706041478232696tmp"/>
    <property name="jdk.debug" value="release"/>
    <property name="surefire.test.class.path" value="/home/fredson.ribeiro/Projetos Pessoais/study-fullcycle/2 - gRPC/java/category-grpc/target/test-classes:/home/fredson.ribeiro/Projetos Pessoais/study-fullcycle/2 - gRPC/java/category-grpc/target/classes:/home/fredson.ribeiro/.m2/repository/org/springframework/boot/spring-boot-starter/3.1.0-SNAPSHOT/spring-boot-starter-3.1.0-SNAPSHOT.jar:/home/fredson.ribeiro/.m2/repository/org/springframework/boot/spring-boot/3.1.0-SNAPSHOT/spring-boot-3.1.0-SNAPSHOT.jar:/home/fredson.ribeiro/.m2/repository/org/springframework/spring-context/6.0.8/spring-context-6.0.8.jar:/home/fredson.ribeiro/.m2/repository/org/springframework/spring-expression/6.0.8/spring-expression-6.0.8.jar:/home/fredson.ribeiro/.m2/repository/org/springframework/boot/spring-boot-autoconfigure/3.1.0-SNAPSHOT/spring-boot-autoconfigure-3.1.0-SNAPSHOT.jar:/home/fredson.ribeiro/.m2/repository/org/springframework/boot/spring-boot-starter-logging/3.1.0-SNAPSHOT/spring-boot-starter-logging-3.1.0-SNAPSHOT.jar:/home/fredson.ribeiro/.m2/repository/ch/qos/logback/logback-classic/1.4.6/logback-classic-1.4.6.jar:/home/fredson.ribeiro/.m2/repository/ch/qos/logback/logback-core/1.4.6/logback-core-1.4.6.jar:/home/fredson.ribeiro/.m2/repository/org/apache/logging/log4j/log4j-to-slf4j/2.20.0/log4j-to-slf4j-2.20.0.jar:/home/fredson.ribeiro/.m2/repository/org/apache/logging/log4j/log4j-api/2.20.0/log4j-api-2.20.0.jar:/home/fredson.ribeiro/.m2/repository/org/slf4j/jul-to-slf4j/2.0.7/jul-to-slf4j-2.0.7.jar:/home/fredson.ribeiro/.m2/repository/org/springframework/spring-core/6.0.8/spring-core-6.0.8.jar:/home/fredson.ribeiro/.m2/repository/org/springframework/spring-jcl/6.0.8/spring-jcl-6.0.8.jar:/home/fredson.ribeiro/.m2/repository/org/yaml/snakeyaml/1.33/snakeyaml-1.33.jar:/home/fredson.ribeiro/.m2/repository/org/springframework/boot/spring-boot-starter-test/3.1.0-SNAPSHOT/spring-boot-starter-test-3.1.0-SNAPSHOT.jar:/home/fredson.ribeiro/.m2/repository/org/springframework/boot/spring-boot-test/3.1.0-SNAPSHOT/spring-boot-test-3.1.0-SNAPSHOT.jar:/home/fredson.ribeiro/.m2/repository/org/springframework/boot/spring-boot-test-autoconfigure/3.1.0-SNAPSHOT/spring-boot-test-autoconfigure-3.1.0-SNAPSHOT.jar:/home/fredson.ribeiro/.m2/repository/com/jayway/jsonpath/json-path/2.8.0/json-path-2.8.0.jar:/home/fredson.ribeiro/.m2/repository/org/slf4j/slf4j-api/2.0.7/slf4j-api-2.0.7.jar:/home/fredson.ribeiro/.m2/repository/jakarta/xml/bind/jakarta.xml.bind-api/4.0.0/jakarta.xml.bind-api-4.0.0.jar:/home/fredson.ribeiro/.m2/repository/jakarta/activation/jakarta.activation-api/2.1.1/jakarta.activation-api-2.1.1.jar:/home/fredson.ribeiro/.m2/repository/net/minidev/json-smart/2.4.10/json-smart-2.4.10.jar:/home/fredson.ribeiro/.m2/repository/net/minidev/accessors-smart/2.4.9/accessors-smart-2.4.9.jar:/home/fredson.ribeiro/.m2/repository/org/ow2/asm/asm/9.3/asm-9.3.jar:/home/fredson.ribeiro/.m2/repository/org/assertj/assertj-core/3.24.2/assertj-core-3.24.2.jar:/home/fredson.ribeiro/.m2/repository/net/bytebuddy/byte-buddy/1.14.4/byte-buddy-1.14.4.jar:/home/fredson.ribeiro/.m2/repository/org/hamcrest/hamcrest/2.2/hamcrest-2.2.jar:/home/fredson.ribeiro/.m2/repository/org/junit/jupiter/junit-jupiter/5.9.2/junit-jupiter-5.9.2.jar:/home/fredson.ribeiro/.m2/repository/org/junit/jupiter/junit-jupiter-api/5.9.2/junit-jupiter-api-5.9.2.jar:/home/fredson.ribeiro/.m2/repository/org/opentest4j/opentest4j/1.2.0/opentest4j-1.2.0.jar:/home/fredson.ribeiro/.m2/repository/org/junit/platform/junit-platform-commons/1.9.2/junit-platform-commons-1.9.2.jar:/home/fredson.ribeiro/.m2/repository/org/apiguardian/apiguardian-api/1.1.2/apiguardian-api-1.1.2.jar:/home/fredson.ribeiro/.m2/repository/org/junit/jupiter/junit-jupiter-params/5.9.2/junit-jupiter-params-5.9.2.jar:/home/fredson.ribeiro/.m2/repository/org/junit/jupiter/junit-jupiter-engine/5.9.2/junit-jupiter-engine-5.9.2.jar:/home/fredson.ribeiro/.m2/repository/org/junit/platform/junit-platform-engine/1.9.2/junit-platform-engine-1.9.2.jar:/home/fredson.ribeiro/.m2/repository/org/mockito/mockito-core/4.11.0/mockito-core-4.11.0.jar:/home/fredson.ribeiro/.m2/repository/net/bytebuddy/byte-buddy-agent/1.14.4/byte-buddy-agent-1.14.4.jar:/home/fredson.ribeiro/.m2/repository/org/objenesis/objenesis/3.3/objenesis-3.3.jar:/home/fredson.ribeiro/.m2/repository/org/mockito/mockito-junit-jupiter/4.11.0/mockito-junit-jupiter-4.11.0.jar:/home/fredson.ribeiro/.m2/repository/org/skyscreamer/jsonassert/1.5.1/jsonassert-1.5.1.jar:/home/fredson.ribeiro/.m2/repository/com/vaadin/external/google/android-json/0.0.20131108.vaadin1/android-json-0.0.20131108.vaadin1.jar:/home/fredson.ribeiro/.m2/repository/org/springframework/spring-test/6.0.8/spring-test-6.0.8.jar:/home/fredson.ribeiro/.m2/repository/org/xmlunit/xmlunit-core/2.9.1/xmlunit-core-2.9.1.jar:/home/fredson.ribeiro/.m2/repository/org/springframework/boot/spring-boot-starter-data-jpa/3.1.0-SNAPSHOT/spring-boot-starter-data-jpa-3.1.0-SNAPSHOT.jar:/home/fredson.ribeiro/.m2/repository/org/springframework/boot/spring-boot-starter-aop/3.1.0-SNAPSHOT/spring-boot-starter-aop-3.1.0-SNAPSHOT.jar:/home/fredson.ribeiro/.m2/repository/org/springframework/spring-aop/6.0.8/spring-aop-6.0.8.jar:/home/fredson.ribeiro/.m2/repository/org/aspectj/aspectjweaver/1.9.19/aspectjweaver-1.9.19.jar:/home/fredson.ribeiro/.m2/repository/org/springframework/boot/spring-boot-starter-jdbc/3.1.0-SNAPSHOT/spring-boot-starter-jdbc-3.1.0-SNAPSHOT.jar:/home/fredson.ribeiro/.m2/repository/com/zaxxer/HikariCP/5.0.1/HikariCP-5.0.1.jar:/home/fredson.ribeiro/.m2/repository/org/springframework/spring-jdbc/6.0.8/spring-jdbc-6.0.8.jar:/home/fredson.ribeiro/.m2/repository/org/hibernate/orm/hibernate-core/6.2.0.Final/hibernate-core-6.2.0.Final.jar:/home/fredson.ribeiro/.m2/repository/jakarta/persistence/jakarta.persistence-api/3.1.0/jakarta.persistence-api-3.1.0.jar:/home/fredson.ribeiro/.m2/repository/jakarta/transaction/jakarta.transaction-api/2.0.1/jakarta.transaction-api-2.0.1.jar:/home/fredson.ribeiro/.m2/repository/org/jboss/logging/jboss-logging/3.5.0.Final/jboss-logging-3.5.0.Final.jar:/home/fredson.ribeiro/.m2/repository/org/hibernate/common/hibernate-commons-annotations/6.0.6.Final/hibernate-commons-annotations-6.0.6.Final.jar:/home/fredson.ribeiro/.m2/repository/io/smallrye/jandex/3.0.5/jandex-3.0.5.jar:/home/fredson.ribeiro/.m2/repository/com/fasterxml/classmate/1.5.1/classmate-1.5.1.jar:/home/fredson.ribeiro/.m2/repository/org/glassfish/jaxb/jaxb-runtime/4.0.2/jaxb-runtime-4.0.2.jar:/home/fredson.ribeiro/.m2/repository/org/glassfish/jaxb/jaxb-core/4.0.2/jaxb-core-4.0.2.jar:/home/fredson.ribeiro/.m2/repository/org/eclipse/angus/angus-activation/2.0.0/angus-activation-2.0.0.jar:/home/fredson.ribeiro/.m2/repository/org/glassfish/jaxb/txw2/4.0.2/txw2-4.0.2.jar:/home/fredson.ribeiro/.m2/repository/com/sun/istack/istack-commons-runtime/4.1.1/istack-commons-runtime-4.1.1.jar:/home/fredson.ribeiro/.m2/repository/jakarta/inject/jakarta.inject-api/2.0.1/jakarta.inject-api-2.0.1.jar:/home/fredson.ribeiro/.m2/repository/org/antlr/antlr4-runtime/4.10.1/antlr4-runtime-4.10.1.jar:/home/fredson.ribeiro/.m2/repository/org/springframework/data/spring-data-jpa/3.1.0-M3/spring-data-jpa-3.1.0-M3.jar:/home/fredson.ribeiro/.m2/repository/org/springframework/data/spring-data-commons/3.1.0-M3/spring-data-commons-3.1.0-M3.jar:/home/fredson.ribeiro/.m2/repository/org/springframework/spring-orm/6.0.8/spring-orm-6.0.8.jar:/home/fredson.ribeiro/.m2/repository/org/springframework/spring-tx/6.0.8/spring-tx-6.0.8.jar:/home/fredson.ribeiro/.m2/repository/org/springframework/spring-beans/6.0.8/spring-beans-6.0.8.jar:/home/fredson.ribeiro/.m2/repository/org/springframework/spring-aspects/6.0.8/spring-aspects-6.0.8.jar:/home/fredson.ribeiro/.m2/repository/com/h2database/h2/2.1.210/h2-2.1.210.jar:/home/fredson.ribeiro/.m2/repository/net/devh/grpc-server-spring-boot-starter/2.14.0.RELEASE/grpc-server-spring-boot-starter-2.14.0.RELEASE.jar:/home/fredson.ribeiro/.m2/repository/net/devh/grpc-server-spring-boot-autoconfigure/2.14.0.RELEASE/grpc-server-spring-boot-autoconfigure-2.14.0.RELEASE.jar:/home/fredson.ribeiro/.m2/repository/net/devh/grpc-common-spring-boot/2.14.0.RELEASE/grpc-common-spring-boot-2.14.0.RELEASE.jar:/home/fredson.ribeiro/.m2/repository/io/grpc/grpc-core/1.51.0/grpc-core-1.51.0.jar:/home/fredson.ribeiro/.m2/repository/com/google/code/gson/gson/2.10.1/gson-2.10.1.jar:/home/fredson.ribeiro/.m2/repository/com/google/android/annotations/4.1.1.4/annotations-4.1.1.4.jar:/home/fredson.ribeiro/.m2/repository/io/grpc/grpc-netty-shaded/1.51.0/grpc-netty-shaded-1.51.0.jar:/home/fredson.ribeiro/.m2/repository/io/perfmark/perfmark-api/0.25.0/perfmark-api-0.25.0.jar:/home/fredson.ribeiro/.m2/repository/io/grpc/grpc-services/1.51.0/grpc-services-1.51.0.jar:/home/fredson.ribeiro/.m2/repository/com/google/protobuf/protobuf-java-util/3.21.7/protobuf-java-util-3.21.7.jar:/home/fredson.ribeiro/.m2/repository/io/grpc/grpc-api/1.51.0/grpc-api-1.51.0.jar:/home/fredson.ribeiro/.m2/repository/io/grpc/grpc-context/1.51.0/grpc-context-1.51.0.jar:/home/fredson.ribeiro/.m2/repository/io/grpc/grpc-stub/1.35.0/grpc-stub-1.35.0.jar:/home/fredson.ribeiro/.m2/repository/com/google/guava/guava/30.0-android/guava-30.0-android.jar:/home/fredson.ribeiro/.m2/repository/com/google/guava/failureaccess/1.0.1/failureaccess-1.0.1.jar:/home/fredson.ribeiro/.m2/repository/com/google/guava/listenablefuture/9999.0-empty-to-avoid-conflict-with-guava/listenablefuture-9999.0-empty-to-avoid-conflict-with-guava.jar:/home/fredson.ribeiro/.m2/repository/org/checkerframework/checker-compat-qual/2.5.5/checker-compat-qual-2.5.5.jar:/home/fredson.ribeiro/.m2/repository/com/google/j2objc/j2objc-annotations/1.3/j2objc-annotations-1.3.jar:/home/fredson.ribeiro/.m2/repository/com/google/errorprone/error_prone_annotations/2.4.0/error_prone_annotations-2.4.0.jar:/home/fredson.ribeiro/.m2/repository/org/codehaus/mojo/animal-sniffer-annotations/1.19/animal-sniffer-annotations-1.19.jar:/home/fredson.ribeiro/.m2/repository/com/google/code/findbugs/jsr305/3.0.2/jsr305-3.0.2.jar:/home/fredson.ribeiro/.m2/repository/io/grpc/grpc-protobuf/1.35.0/grpc-protobuf-1.35.0.jar:/home/fredson.ribeiro/.m2/repository/com/google/protobuf/protobuf-java/3.12.0/protobuf-java-3.12.0.jar:/home/fredson.ribeiro/.m2/repository/com/google/api/grpc/proto-google-common-protos/2.0.1/proto-google-common-protos-2.0.1.jar:/home/fredson.ribeiro/.m2/repository/io/grpc/grpc-protobuf-lite/1.35.0/grpc-protobuf-lite-1.35.0.jar:/home/fredson.ribeiro/.m2/repository/jakarta/annotation/jakarta.annotation-api/1.3.5/jakarta.annotation-api-1.3.5.jar:"/>
    <property name="sun.cpu.endian" value="little"/>
    <property name="user.home" value="/home/fredson.ribeiro"/>
    <property name="user.language" value="pt"/>
    <property name="java.specification.vendor" value="Oracle Corporation"/>
    <property name="java.version.date" value="2023-01-17"/>
    <property name="java.home" value="/home/fredson.ribeiro/.sdkman/candidates/java/17.0.6-tem"/>
    <property name="file.separator" value="/"/>
    <property name="basedir" value="/home/fredson.ribeiro/Projetos Pessoais/study-fullcycle/2 - gRPC/java/category-grpc"/>
    <property name="java.vm.compressedOopsMode" value="Zero based"/>
    <property name="line.separator" value="&#10;"/>
    <property name="java.vm.specification.vendor" value="Oracle Corporation"/>
    <property name="java.specification.name" value="Java Platform API Specification"/>
    <property name="surefire.real.class.path" value="/home/fredson.ribeiro/Projetos Pessoais/study-fullcycle/2 - gRPC/java/category-grpc/target/surefire/surefirebooter15486751445856167055.jar"/>
    <property name="sun.management.compiler" value="HotSpot 64-Bit Tiered Compilers"/>
    <property name="java.runtime.version" value="17.0.6+10"/>
    <property name="user.name" value="fredson.ribeiro"/>
    <property name="path.separator" value=":"/>
    <property name="os.version" value="5.15.0-69-generic"/>
    <property name="java.runtime.name" value="OpenJDK Runtime Environment"/>
    <property name="file.encoding" value="UTF-8"/>
    <property name="java.vm.name" value="OpenJDK 64-Bit Server VM"/>
    <property name="java.vendor.version" value="Temurin-17.0.6+10"/>
    <property name="localRepository" value="/home/fredson.ribeiro/.m2/repository"/>
    <property name="java.vendor.url.bug" value="https://github.com/adoptium/adoptium-support/issues"/>
    <property name="java.io.tmpdir" value="/tmp"/>
    <property name="java.version" value="17.0.6"/>
    <property name="user.dir" value="/home/fredson.ribeiro/Projetos Pessoais/study-fullcycle/2 - gRPC/java/category-grpc"/>
    <property name="os.arch" value="amd64"/>
    <property name="java.vm.specification.name" value="Java Virtual Machine Specification"/>
    <property name="native.encoding" value="UTF-8"/>
    <property name="java.library.path" value="/usr/java/packages/lib:/usr/lib64:/lib64:/lib:/usr/lib"/>
    <property name="java.vm.info" value="mixed mode, sharing"/>
    <property name="java.vendor" value="Eclipse Adoptium"/>
    <property name="java.vm.version" value="17.0.6+10"/>
    <property name="sun.io.unicode.encoding" value="UnicodeLittle"/>
    <property name="java.class.version" value="61.0"/>
  </properties>
  <testcase name="contextLoads" classname="com.fredsonchaves07.CategoryGrpcApplicationTests" time="0.347"/>
</testsuite>